[ 2017-12-20T14:36:19+08:00 ] ::1 ::1 GET /zerg/public/
[ log ] localhost/zerg/public/ [运行时间：0.061523s][吞吐率：16.25req/s] [内存消耗：1,106.97kb] [文件加载：25]
[ info ] [ LANG ] D:\xampp\htdocs\zerg\thinkPHP\lang\zh-cn.php
[ info ] [ ROUTE ] array (
  'type' => 'module',
  'module' => 
  array (
    0 => '',
    1 => NULL,
    2 => NULL,
  ),
)
[ info ] [ HEADER ] array (
  'host' => 'localhost',
  'connection' => 'keep-alive',
  'upgrade-insecure-requests' => '1',
  'user-agent' => 'Mozilla/5.0 (Windows NT 6.1; WOW64) AppleWebKit/537.36 (KHTML, like Gecko) Chrome/55.0.2883.87 Safari/537.36',
  'accept' => 'text/html,application/xhtml+xml,application/xml;q=0.9,image/webp,*/*;q=0.8',
  'accept-encoding' => 'gzip, deflate, sdch, br',
  'accept-language' => 'zh-CN,zh;q=0.8',
  'cookie' => '__guid=111872281.1142298050644638700.1512788254060.9329; monitor_count=5',
)
[ info ] [ PARAM ] array (
)
[ info ] [ RUN ] app\index\controller\Index->index[ D:\xampp\htdocs\zerg\application\index\controller\Index.php ]
[ info ] [ LOG ] INIT File

---------------------------------------------------------------
